<?xml version="1.0" encoding="UTF-8"?>
<testsuite xmlns:xsi="http://www.w3.org/2001/XMLSchema-instance" xsi:noNamespaceSchemaLocation="https://maven.apache.org/surefire/maven-surefire-plugin/xsd/surefire-test-report.xsd" version="3.0.2" name="com.caracal.microservices.product.ProductServiceApplicationTests" time="290.329" tests="1" errors="0" skipped="0" failures="0">
  <properties>
    <property name="java.specification.version" value="21"/>
    <property name="sun.jnu.encoding" value="UTF-8"/>
    <property name="java.class.path" value="/home/caracal/code/spring-microservices/product-service/target/test-classes:/home/caracal/code/spring-microservices/product-service/target/classes:/home/caracal/.m2/repository/org/springframework/boot/spring-boot-starter-data-mongodb/3.4.5/spring-boot-starter-data-mongodb-3.4.5.jar:/home/caracal/.m2/repository/org/springframework/boot/spring-boot-starter/3.4.5/spring-boot-starter-3.4.5.jar:/home/caracal/.m2/repository/org/springframework/boot/spring-boot/3.4.5/spring-boot-3.4.5.jar:/home/caracal/.m2/repository/org/springframework/boot/spring-boot-starter-logging/3.4.5/spring-boot-starter-logging-3.4.5.jar:/home/caracal/.m2/repository/ch/qos/logback/logback-classic/1.5.18/logback-classic-1.5.18.jar:/home/caracal/.m2/repository/ch/qos/logback/logback-core/1.5.18/logback-core-1.5.18.jar:/home/caracal/.m2/repository/org/apache/logging/log4j/log4j-to-slf4j/2.24.3/log4j-to-slf4j-2.24.3.jar:/home/caracal/.m2/repository/org/apache/logging/log4j/log4j-api/2.24.3/log4j-api-2.24.3.jar:/home/caracal/.m2/repository/org/slf4j/jul-to-slf4j/2.0.17/jul-to-slf4j-2.0.17.jar:/home/caracal/.m2/repository/jakarta/annotation/jakarta.annotation-api/2.1.1/jakarta.annotation-api-2.1.1.jar:/home/caracal/.m2/repository/org/yaml/snakeyaml/2.3/snakeyaml-2.3.jar:/home/caracal/.m2/repository/org/mongodb/mongodb-driver-sync/5.2.1/mongodb-driver-sync-5.2.1.jar:/home/caracal/.m2/repository/org/mongodb/bson/5.2.1/bson-5.2.1.jar:/home/caracal/.m2/repository/org/mongodb/mongodb-driver-core/5.2.1/mongodb-driver-core-5.2.1.jar:/home/caracal/.m2/repository/org/mongodb/bson-record-codec/5.2.1/bson-record-codec-5.2.1.jar:/home/caracal/.m2/repository/org/springframework/data/spring-data-mongodb/4.4.5/spring-data-mongodb-4.4.5.jar:/home/caracal/.m2/repository/org/springframework/spring-tx/6.2.6/spring-tx-6.2.6.jar:/home/caracal/.m2/repository/org/springframework/spring-context/6.2.6/spring-context-6.2.6.jar:/home/caracal/.m2/repository/org/springframework/spring-beans/6.2.6/spring-beans-6.2.6.jar:/home/caracal/.m2/repository/org/springframework/spring-expression/6.2.6/spring-expression-6.2.6.jar:/home/caracal/.m2/repository/org/springframework/data/spring-data-commons/3.4.5/spring-data-commons-3.4.5.jar:/home/caracal/.m2/repository/org/slf4j/slf4j-api/2.0.17/slf4j-api-2.0.17.jar:/home/caracal/.m2/repository/org/springframework/boot/spring-boot-starter-web/3.4.5/spring-boot-starter-web-3.4.5.jar:/home/caracal/.m2/repository/org/springframework/boot/spring-boot-starter-json/3.4.5/spring-boot-starter-json-3.4.5.jar:/home/caracal/.m2/repository/com/fasterxml/jackson/core/jackson-databind/2.18.3/jackson-databind-2.18.3.jar:/home/caracal/.m2/repository/com/fasterxml/jackson/core/jackson-annotations/2.18.3/jackson-annotations-2.18.3.jar:/home/caracal/.m2/repository/com/fasterxml/jackson/core/jackson-core/2.18.3/jackson-core-2.18.3.jar:/home/caracal/.m2/repository/com/fasterxml/jackson/datatype/jackson-datatype-jdk8/2.18.3/jackson-datatype-jdk8-2.18.3.jar:/home/caracal/.m2/repository/com/fasterxml/jackson/datatype/jackson-datatype-jsr310/2.18.3/jackson-datatype-jsr310-2.18.3.jar:/home/caracal/.m2/repository/com/fasterxml/jackson/module/jackson-module-parameter-names/2.18.3/jackson-module-parameter-names-2.18.3.jar:/home/caracal/.m2/repository/org/springframework/boot/spring-boot-starter-tomcat/3.4.5/spring-boot-starter-tomcat-3.4.5.jar:/home/caracal/.m2/repository/org/apache/tomcat/embed/tomcat-embed-core/10.1.40/tomcat-embed-core-10.1.40.jar:/home/caracal/.m2/repository/org/apache/tomcat/embed/tomcat-embed-el/10.1.40/tomcat-embed-el-10.1.40.jar:/home/caracal/.m2/repository/org/apache/tomcat/embed/tomcat-embed-websocket/10.1.40/tomcat-embed-websocket-10.1.40.jar:/home/caracal/.m2/repository/org/springframework/spring-web/6.2.6/spring-web-6.2.6.jar:/home/caracal/.m2/repository/io/micrometer/micrometer-observation/1.14.6/micrometer-observation-1.14.6.jar:/home/caracal/.m2/repository/io/micrometer/micrometer-commons/1.14.6/micrometer-commons-1.14.6.jar:/home/caracal/.m2/repository/org/springframework/spring-webmvc/6.2.6/spring-webmvc-6.2.6.jar:/home/caracal/.m2/repository/org/springframework/spring-aop/6.2.6/spring-aop-6.2.6.jar:/home/caracal/.m2/repository/org/springdoc/springdoc-openapi-starter-webmvc-api/2.8.8/springdoc-openapi-starter-webmvc-api-2.8.8.jar:/home/caracal/.m2/repository/org/springdoc/springdoc-openapi-starter-common/2.8.8/springdoc-openapi-starter-common-2.8.8.jar:/home/caracal/.m2/repository/org/springframework/boot/spring-boot-starter-validation/3.4.5/spring-boot-starter-validation-3.4.5.jar:/home/caracal/.m2/repository/org/hibernate/validator/hibernate-validator/8.0.2.Final/hibernate-validator-8.0.2.Final.jar:/home/caracal/.m2/repository/org/jboss/logging/jboss-logging/3.6.1.Final/jboss-logging-3.6.1.Final.jar:/home/caracal/.m2/repository/com/fasterxml/classmate/1.7.0/classmate-1.7.0.jar:/home/caracal/.m2/repository/io/swagger/core/v3/swagger-core-jakarta/2.2.30/swagger-core-jakarta-2.2.30.jar:/home/caracal/.m2/repository/io/swagger/core/v3/swagger-annotations-jakarta/2.2.30/swagger-annotations-jakarta-2.2.30.jar:/home/caracal/.m2/repository/io/swagger/core/v3/swagger-models-jakarta/2.2.30/swagger-models-jakarta-2.2.30.jar:/home/caracal/.m2/repository/jakarta/validation/jakarta.validation-api/3.0.2/jakarta.validation-api-3.0.2.jar:/home/caracal/.m2/repository/com/fasterxml/jackson/dataformat/jackson-dataformat-yaml/2.18.3/jackson-dataformat-yaml-2.18.3.jar:/home/caracal/.m2/repository/org/springdoc/springdoc-openapi-starter-webmvc-ui/2.8.8/springdoc-openapi-starter-webmvc-ui-2.8.8.jar:/home/caracal/.m2/repository/org/webjars/swagger-ui/5.21.0/swagger-ui-5.21.0.jar:/home/caracal/.m2/repository/org/webjars/webjars-locator-lite/1.0.1/webjars-locator-lite-1.0.1.jar:/home/caracal/.m2/repository/org/jspecify/jspecify/1.0.0/jspecify-1.0.0.jar:/home/caracal/.m2/repository/org/projectlombok/lombok/1.18.38/lombok-1.18.38.jar:/home/caracal/.m2/repository/org/springframework/boot/spring-boot-starter-test/3.4.5/spring-boot-starter-test-3.4.5.jar:/home/caracal/.m2/repository/org/springframework/boot/spring-boot-test/3.4.5/spring-boot-test-3.4.5.jar:/home/caracal/.m2/repository/org/springframework/boot/spring-boot-test-autoconfigure/3.4.5/spring-boot-test-autoconfigure-3.4.5.jar:/home/caracal/.m2/repository/com/jayway/jsonpath/json-path/2.9.0/json-path-2.9.0.jar:/home/caracal/.m2/repository/jakarta/xml/bind/jakarta.xml.bind-api/4.0.2/jakarta.xml.bind-api-4.0.2.jar:/home/caracal/.m2/repository/jakarta/activation/jakarta.activation-api/2.1.3/jakarta.activation-api-2.1.3.jar:/home/caracal/.m2/repository/net/minidev/json-smart/2.5.2/json-smart-2.5.2.jar:/home/caracal/.m2/repository/net/minidev/accessors-smart/2.5.2/accessors-smart-2.5.2.jar:/home/caracal/.m2/repository/org/ow2/asm/asm/9.7.1/asm-9.7.1.jar:/home/caracal/.m2/repository/org/assertj/assertj-core/3.26.3/assertj-core-3.26.3.jar:/home/caracal/.m2/repository/net/bytebuddy/byte-buddy/1.15.11/byte-buddy-1.15.11.jar:/home/caracal/.m2/repository/org/awaitility/awaitility/4.2.2/awaitility-4.2.2.jar:/home/caracal/.m2/repository/org/junit/jupiter/junit-jupiter/5.11.4/junit-jupiter-5.11.4.jar:/home/caracal/.m2/repository/org/junit/jupiter/junit-jupiter-api/5.11.4/junit-jupiter-api-5.11.4.jar:/home/caracal/.m2/repository/org/opentest4j/opentest4j/1.3.0/opentest4j-1.3.0.jar:/home/caracal/.m2/repository/org/junit/platform/junit-platform-commons/1.11.4/junit-platform-commons-1.11.4.jar:/home/caracal/.m2/repository/org/apiguardian/apiguardian-api/1.1.2/apiguardian-api-1.1.2.jar:/home/caracal/.m2/repository/org/junit/jupiter/junit-jupiter-params/5.11.4/junit-jupiter-params-5.11.4.jar:/home/caracal/.m2/repository/org/junit/jupiter/junit-jupiter-engine/5.11.4/junit-jupiter-engine-5.11.4.jar:/home/caracal/.m2/repository/org/junit/platform/junit-platform-engine/1.11.4/junit-platform-engine-1.11.4.jar:/home/caracal/.m2/repository/org/mockito/mockito-core/5.14.2/mockito-core-5.14.2.jar:/home/caracal/.m2/repository/net/bytebuddy/byte-buddy-agent/1.15.11/byte-buddy-agent-1.15.11.jar:/home/caracal/.m2/repository/org/objenesis/objenesis/3.3/objenesis-3.3.jar:/home/caracal/.m2/repository/org/mockito/mockito-junit-jupiter/5.14.2/mockito-junit-jupiter-5.14.2.jar:/home/caracal/.m2/repository/org/skyscreamer/jsonassert/1.5.3/jsonassert-1.5.3.jar:/home/caracal/.m2/repository/com/vaadin/external/google/android-json/0.0.20131108.vaadin1/android-json-0.0.20131108.vaadin1.jar:/home/caracal/.m2/repository/org/springframework/spring-core/6.2.6/spring-core-6.2.6.jar:/home/caracal/.m2/repository/org/springframework/spring-jcl/6.2.6/spring-jcl-6.2.6.jar:/home/caracal/.m2/repository/org/springframework/spring-test/6.2.6/spring-test-6.2.6.jar:/home/caracal/.m2/repository/org/xmlunit/xmlunit-core/2.10.0/xmlunit-core-2.10.0.jar:/home/caracal/.m2/repository/org/springframework/boot/spring-boot-testcontainers/3.4.5/spring-boot-testcontainers-3.4.5.jar:/home/caracal/.m2/repository/org/springframework/boot/spring-boot-autoconfigure/3.4.5/spring-boot-autoconfigure-3.4.5.jar:/home/caracal/.m2/repository/org/testcontainers/testcontainers/1.20.6/testcontainers-1.20.6.jar:/home/caracal/.m2/repository/junit/junit/4.13.2/junit-4.13.2.jar:/home/caracal/.m2/repository/org/hamcrest/hamcrest-core/2.2/hamcrest-core-2.2.jar:/home/caracal/.m2/repository/org/apache/commons/commons-compress/1.24.0/commons-compress-1.24.0.jar:/home/caracal/.m2/repository/org/rnorth/duct-tape/duct-tape/1.0.8/duct-tape-1.0.8.jar:/home/caracal/.m2/repository/org/jetbrains/annotations/17.0.0/annotations-17.0.0.jar:/home/caracal/.m2/repository/com/github/docker-java/docker-java-api/3.4.1/docker-java-api-3.4.1.jar:/home/caracal/.m2/repository/com/github/docker-java/docker-java-transport-zerodep/3.4.1/docker-java-transport-zerodep-3.4.1.jar:/home/caracal/.m2/repository/com/github/docker-java/docker-java-transport/3.4.1/docker-java-transport-3.4.1.jar:/home/caracal/.m2/repository/net/java/dev/jna/jna/5.13.0/jna-5.13.0.jar:/home/caracal/.m2/repository/org/testcontainers/junit-jupiter/1.20.6/junit-jupiter-1.20.6.jar:/home/caracal/.m2/repository/org/testcontainers/mongodb/1.20.6/mongodb-1.20.6.jar:/home/caracal/.m2/repository/io/rest-assured/rest-assured/5.5.1/rest-assured-5.5.1.jar:/home/caracal/.m2/repository/org/apache/groovy/groovy/4.0.26/groovy-4.0.26.jar:/home/caracal/.m2/repository/org/apache/groovy/groovy-xml/4.0.26/groovy-xml-4.0.26.jar:/home/caracal/.m2/repository/org/apache/httpcomponents/httpclient/4.5.13/httpclient-4.5.13.jar:/home/caracal/.m2/repository/org/apache/httpcomponents/httpcore/4.4.16/httpcore-4.4.16.jar:/home/caracal/.m2/repository/commons-logging/commons-logging/1.2/commons-logging-1.2.jar:/home/caracal/.m2/repository/commons-codec/commons-codec/1.17.2/commons-codec-1.17.2.jar:/home/caracal/.m2/repository/org/apache/httpcomponents/httpmime/4.5.13/httpmime-4.5.13.jar:/home/caracal/.m2/repository/org/ccil/cowan/tagsoup/tagsoup/1.2.1/tagsoup-1.2.1.jar:/home/caracal/.m2/repository/io/rest-assured/json-path/5.5.1/json-path-5.5.1.jar:/home/caracal/.m2/repository/org/apache/groovy/groovy-json/4.0.26/groovy-json-4.0.26.jar:/home/caracal/.m2/repository/io/rest-assured/rest-assured-common/5.5.1/rest-assured-common-5.5.1.jar:/home/caracal/.m2/repository/io/rest-assured/xml-path/5.5.1/xml-path-5.5.1.jar:/home/caracal/.m2/repository/org/apache/commons/commons-lang3/3.17.0/commons-lang3-3.17.0.jar:/home/caracal/.m2/repository/org/hamcrest/hamcrest/2.2/hamcrest-2.2.jar:"/>
    <property name="java.vm.vendor" value="Ubuntu"/>
    <property name="sun.arch.data.model" value="64"/>
    <property name="catalina.useNaming" value="false"/>
    <property name="java.vendor.url" value="https://ubuntu.com/"/>
    <property name="user.timezone" value="America/Los_Angeles"/>
    <property name="org.jboss.logging.provider" value="slf4j"/>
    <property name="os.name" value="Linux"/>
    <property name="java.vm.specification.version" value="21"/>
    <property name="APPLICATION_NAME" value="product-service"/>
    <property name="sun.java.launcher" value="SUN_STANDARD"/>
    <property name="sun.boot.library.path" value="/usr/lib/jvm/java-21-openjdk-amd64/lib"/>
    <property name="sun.java.command" value="/home/caracal/code/spring-microservices/product-service/target/surefire/surefirebooter-20250921133505442_3.jar /home/caracal/code/spring-microservices/product-service/target/surefire 2025-09-21T13-35-05_396-jvmRun1 surefire-20250921133505442_1tmp surefire_0-20250921133505442_2tmp"/>
    <property name="jdk.debug" value="release"/>
    <property name="surefire.test.class.path" value="/home/caracal/code/spring-microservices/product-service/target/test-classes:/home/caracal/code/spring-microservices/product-service/target/classes:/home/caracal/.m2/repository/org/springframework/boot/spring-boot-starter-data-mongodb/3.4.5/spring-boot-starter-data-mongodb-3.4.5.jar:/home/caracal/.m2/repository/org/springframework/boot/spring-boot-starter/3.4.5/spring-boot-starter-3.4.5.jar:/home/caracal/.m2/repository/org/springframework/boot/spring-boot/3.4.5/spring-boot-3.4.5.jar:/home/caracal/.m2/repository/org/springframework/boot/spring-boot-starter-logging/3.4.5/spring-boot-starter-logging-3.4.5.jar:/home/caracal/.m2/repository/ch/qos/logback/logback-classic/1.5.18/logback-classic-1.5.18.jar:/home/caracal/.m2/repository/ch/qos/logback/logback-core/1.5.18/logback-core-1.5.18.jar:/home/caracal/.m2/repository/org/apache/logging/log4j/log4j-to-slf4j/2.24.3/log4j-to-slf4j-2.24.3.jar:/home/caracal/.m2/repository/org/apache/logging/log4j/log4j-api/2.24.3/log4j-api-2.24.3.jar:/home/caracal/.m2/repository/org/slf4j/jul-to-slf4j/2.0.17/jul-to-slf4j-2.0.17.jar:/home/caracal/.m2/repository/jakarta/annotation/jakarta.annotation-api/2.1.1/jakarta.annotation-api-2.1.1.jar:/home/caracal/.m2/repository/org/yaml/snakeyaml/2.3/snakeyaml-2.3.jar:/home/caracal/.m2/repository/org/mongodb/mongodb-driver-sync/5.2.1/mongodb-driver-sync-5.2.1.jar:/home/caracal/.m2/repository/org/mongodb/bson/5.2.1/bson-5.2.1.jar:/home/caracal/.m2/repository/org/mongodb/mongodb-driver-core/5.2.1/mongodb-driver-core-5.2.1.jar:/home/caracal/.m2/repository/org/mongodb/bson-record-codec/5.2.1/bson-record-codec-5.2.1.jar:/home/caracal/.m2/repository/org/springframework/data/spring-data-mongodb/4.4.5/spring-data-mongodb-4.4.5.jar:/home/caracal/.m2/repository/org/springframework/spring-tx/6.2.6/spring-tx-6.2.6.jar:/home/caracal/.m2/repository/org/springframework/spring-context/6.2.6/spring-context-6.2.6.jar:/home/caracal/.m2/repository/org/springframework/spring-beans/6.2.6/spring-beans-6.2.6.jar:/home/caracal/.m2/repository/org/springframework/spring-expression/6.2.6/spring-expression-6.2.6.jar:/home/caracal/.m2/repository/org/springframework/data/spring-data-commons/3.4.5/spring-data-commons-3.4.5.jar:/home/caracal/.m2/repository/org/slf4j/slf4j-api/2.0.17/slf4j-api-2.0.17.jar:/home/caracal/.m2/repository/org/springframework/boot/spring-boot-starter-web/3.4.5/spring-boot-starter-web-3.4.5.jar:/home/caracal/.m2/repository/org/springframework/boot/spring-boot-starter-json/3.4.5/spring-boot-starter-json-3.4.5.jar:/home/caracal/.m2/repository/com/fasterxml/jackson/core/jackson-databind/2.18.3/jackson-databind-2.18.3.jar:/home/caracal/.m2/repository/com/fasterxml/jackson/core/jackson-annotations/2.18.3/jackson-annotations-2.18.3.jar:/home/caracal/.m2/repository/com/fasterxml/jackson/core/jackson-core/2.18.3/jackson-core-2.18.3.jar:/home/caracal/.m2/repository/com/fasterxml/jackson/datatype/jackson-datatype-jdk8/2.18.3/jackson-datatype-jdk8-2.18.3.jar:/home/caracal/.m2/repository/com/fasterxml/jackson/datatype/jackson-datatype-jsr310/2.18.3/jackson-datatype-jsr310-2.18.3.jar:/home/caracal/.m2/repository/com/fasterxml/jackson/module/jackson-module-parameter-names/2.18.3/jackson-module-parameter-names-2.18.3.jar:/home/caracal/.m2/repository/org/springframework/boot/spring-boot-starter-tomcat/3.4.5/spring-boot-starter-tomcat-3.4.5.jar:/home/caracal/.m2/repository/org/apache/tomcat/embed/tomcat-embed-core/10.1.40/tomcat-embed-core-10.1.40.jar:/home/caracal/.m2/repository/org/apache/tomcat/embed/tomcat-embed-el/10.1.40/tomcat-embed-el-10.1.40.jar:/home/caracal/.m2/repository/org/apache/tomcat/embed/tomcat-embed-websocket/10.1.40/tomcat-embed-websocket-10.1.40.jar:/home/caracal/.m2/repository/org/springframework/spring-web/6.2.6/spring-web-6.2.6.jar:/home/caracal/.m2/repository/io/micrometer/micrometer-observation/1.14.6/micrometer-observation-1.14.6.jar:/home/caracal/.m2/repository/io/micrometer/micrometer-commons/1.14.6/micrometer-commons-1.14.6.jar:/home/caracal/.m2/repository/org/springframework/spring-webmvc/6.2.6/spring-webmvc-6.2.6.jar:/home/caracal/.m2/repository/org/springframework/spring-aop/6.2.6/spring-aop-6.2.6.jar:/home/caracal/.m2/repository/org/springdoc/springdoc-openapi-starter-webmvc-api/2.8.8/springdoc-openapi-starter-webmvc-api-2.8.8.jar:/home/caracal/.m2/repository/org/springdoc/springdoc-openapi-starter-common/2.8.8/springdoc-openapi-starter-common-2.8.8.jar:/home/caracal/.m2/repository/org/springframework/boot/spring-boot-starter-validation/3.4.5/spring-boot-starter-validation-3.4.5.jar:/home/caracal/.m2/repository/org/hibernate/validator/hibernate-validator/8.0.2.Final/hibernate-validator-8.0.2.Final.jar:/home/caracal/.m2/repository/org/jboss/logging/jboss-logging/3.6.1.Final/jboss-logging-3.6.1.Final.jar:/home/caracal/.m2/repository/com/fasterxml/classmate/1.7.0/classmate-1.7.0.jar:/home/caracal/.m2/repository/io/swagger/core/v3/swagger-core-jakarta/2.2.30/swagger-core-jakarta-2.2.30.jar:/home/caracal/.m2/repository/io/swagger/core/v3/swagger-annotations-jakarta/2.2.30/swagger-annotations-jakarta-2.2.30.jar:/home/caracal/.m2/repository/io/swagger/core/v3/swagger-models-jakarta/2.2.30/swagger-models-jakarta-2.2.30.jar:/home/caracal/.m2/repository/jakarta/validation/jakarta.validation-api/3.0.2/jakarta.validation-api-3.0.2.jar:/home/caracal/.m2/repository/com/fasterxml/jackson/dataformat/jackson-dataformat-yaml/2.18.3/jackson-dataformat-yaml-2.18.3.jar:/home/caracal/.m2/repository/org/springdoc/springdoc-openapi-starter-webmvc-ui/2.8.8/springdoc-openapi-starter-webmvc-ui-2.8.8.jar:/home/caracal/.m2/repository/org/webjars/swagger-ui/5.21.0/swagger-ui-5.21.0.jar:/home/caracal/.m2/repository/org/webjars/webjars-locator-lite/1.0.1/webjars-locator-lite-1.0.1.jar:/home/caracal/.m2/repository/org/jspecify/jspecify/1.0.0/jspecify-1.0.0.jar:/home/caracal/.m2/repository/org/projectlombok/lombok/1.18.38/lombok-1.18.38.jar:/home/caracal/.m2/repository/org/springframework/boot/spring-boot-starter-test/3.4.5/spring-boot-starter-test-3.4.5.jar:/home/caracal/.m2/repository/org/springframework/boot/spring-boot-test/3.4.5/spring-boot-test-3.4.5.jar:/home/caracal/.m2/repository/org/springframework/boot/spring-boot-test-autoconfigure/3.4.5/spring-boot-test-autoconfigure-3.4.5.jar:/home/caracal/.m2/repository/com/jayway/jsonpath/json-path/2.9.0/json-path-2.9.0.jar:/home/caracal/.m2/repository/jakarta/xml/bind/jakarta.xml.bind-api/4.0.2/jakarta.xml.bind-api-4.0.2.jar:/home/caracal/.m2/repository/jakarta/activation/jakarta.activation-api/2.1.3/jakarta.activation-api-2.1.3.jar:/home/caracal/.m2/repository/net/minidev/json-smart/2.5.2/json-smart-2.5.2.jar:/home/caracal/.m2/repository/net/minidev/accessors-smart/2.5.2/accessors-smart-2.5.2.jar:/home/caracal/.m2/repository/org/ow2/asm/asm/9.7.1/asm-9.7.1.jar:/home/caracal/.m2/repository/org/assertj/assertj-core/3.26.3/assertj-core-3.26.3.jar:/home/caracal/.m2/repository/net/bytebuddy/byte-buddy/1.15.11/byte-buddy-1.15.11.jar:/home/caracal/.m2/repository/org/awaitility/awaitility/4.2.2/awaitility-4.2.2.jar:/home/caracal/.m2/repository/org/junit/jupiter/junit-jupiter/5.11.4/junit-jupiter-5.11.4.jar:/home/caracal/.m2/repository/org/junit/jupiter/junit-jupiter-api/5.11.4/junit-jupiter-api-5.11.4.jar:/home/caracal/.m2/repository/org/opentest4j/opentest4j/1.3.0/opentest4j-1.3.0.jar:/home/caracal/.m2/repository/org/junit/platform/junit-platform-commons/1.11.4/junit-platform-commons-1.11.4.jar:/home/caracal/.m2/repository/org/apiguardian/apiguardian-api/1.1.2/apiguardian-api-1.1.2.jar:/home/caracal/.m2/repository/org/junit/jupiter/junit-jupiter-params/5.11.4/junit-jupiter-params-5.11.4.jar:/home/caracal/.m2/repository/org/junit/jupiter/junit-jupiter-engine/5.11.4/junit-jupiter-engine-5.11.4.jar:/home/caracal/.m2/repository/org/junit/platform/junit-platform-engine/1.11.4/junit-platform-engine-1.11.4.jar:/home/caracal/.m2/repository/org/mockito/mockito-core/5.14.2/mockito-core-5.14.2.jar:/home/caracal/.m2/repository/net/bytebuddy/byte-buddy-agent/1.15.11/byte-buddy-agent-1.15.11.jar:/home/caracal/.m2/repository/org/objenesis/objenesis/3.3/objenesis-3.3.jar:/home/caracal/.m2/repository/org/mockito/mockito-junit-jupiter/5.14.2/mockito-junit-jupiter-5.14.2.jar:/home/caracal/.m2/repository/org/skyscreamer/jsonassert/1.5.3/jsonassert-1.5.3.jar:/home/caracal/.m2/repository/com/vaadin/external/google/android-json/0.0.20131108.vaadin1/android-json-0.0.20131108.vaadin1.jar:/home/caracal/.m2/repository/org/springframework/spring-core/6.2.6/spring-core-6.2.6.jar:/home/caracal/.m2/repository/org/springframework/spring-jcl/6.2.6/spring-jcl-6.2.6.jar:/home/caracal/.m2/repository/org/springframework/spring-test/6.2.6/spring-test-6.2.6.jar:/home/caracal/.m2/repository/org/xmlunit/xmlunit-core/2.10.0/xmlunit-core-2.10.0.jar:/home/caracal/.m2/repository/org/springframework/boot/spring-boot-testcontainers/3.4.5/spring-boot-testcontainers-3.4.5.jar:/home/caracal/.m2/repository/org/springframework/boot/spring-boot-autoconfigure/3.4.5/spring-boot-autoconfigure-3.4.5.jar:/home/caracal/.m2/repository/org/testcontainers/testcontainers/1.20.6/testcontainers-1.20.6.jar:/home/caracal/.m2/repository/junit/junit/4.13.2/junit-4.13.2.jar:/home/caracal/.m2/repository/org/hamcrest/hamcrest-core/2.2/hamcrest-core-2.2.jar:/home/caracal/.m2/repository/org/apache/commons/commons-compress/1.24.0/commons-compress-1.24.0.jar:/home/caracal/.m2/repository/org/rnorth/duct-tape/duct-tape/1.0.8/duct-tape-1.0.8.jar:/home/caracal/.m2/repository/org/jetbrains/annotations/17.0.0/annotations-17.0.0.jar:/home/caracal/.m2/repository/com/github/docker-java/docker-java-api/3.4.1/docker-java-api-3.4.1.jar:/home/caracal/.m2/repository/com/github/docker-java/docker-java-transport-zerodep/3.4.1/docker-java-transport-zerodep-3.4.1.jar:/home/caracal/.m2/repository/com/github/docker-java/docker-java-transport/3.4.1/docker-java-transport-3.4.1.jar:/home/caracal/.m2/repository/net/java/dev/jna/jna/5.13.0/jna-5.13.0.jar:/home/caracal/.m2/repository/org/testcontainers/junit-jupiter/1.20.6/junit-jupiter-1.20.6.jar:/home/caracal/.m2/repository/org/testcontainers/mongodb/1.20.6/mongodb-1.20.6.jar:/home/caracal/.m2/repository/io/rest-assured/rest-assured/5.5.1/rest-assured-5.5.1.jar:/home/caracal/.m2/repository/org/apache/groovy/groovy/4.0.26/groovy-4.0.26.jar:/home/caracal/.m2/repository/org/apache/groovy/groovy-xml/4.0.26/groovy-xml-4.0.26.jar:/home/caracal/.m2/repository/org/apache/httpcomponents/httpclient/4.5.13/httpclient-4.5.13.jar:/home/caracal/.m2/repository/org/apache/httpcomponents/httpcore/4.4.16/httpcore-4.4.16.jar:/home/caracal/.m2/repository/commons-logging/commons-logging/1.2/commons-logging-1.2.jar:/home/caracal/.m2/repository/commons-codec/commons-codec/1.17.2/commons-codec-1.17.2.jar:/home/caracal/.m2/repository/org/apache/httpcomponents/httpmime/4.5.13/httpmime-4.5.13.jar:/home/caracal/.m2/repository/org/ccil/cowan/tagsoup/tagsoup/1.2.1/tagsoup-1.2.1.jar:/home/caracal/.m2/repository/io/rest-assured/json-path/5.5.1/json-path-5.5.1.jar:/home/caracal/.m2/repository/org/apache/groovy/groovy-json/4.0.26/groovy-json-4.0.26.jar:/home/caracal/.m2/repository/io/rest-assured/rest-assured-common/5.5.1/rest-assured-common-5.5.1.jar:/home/caracal/.m2/repository/io/rest-assured/xml-path/5.5.1/xml-path-5.5.1.jar:/home/caracal/.m2/repository/org/apache/commons/commons-lang3/3.17.0/commons-lang3-3.17.0.jar:/home/caracal/.m2/repository/org/hamcrest/hamcrest/2.2/hamcrest-2.2.jar:"/>
    <property name="sun.cpu.endian" value="little"/>
    <property name="user.home" value="/home/caracal"/>
    <property name="user.language" value="en"/>
    <property name="java.specification.vendor" value="Oracle Corporation"/>
    <property name="java.version.date" value="2025-07-15"/>
    <property name="java.home" value="/usr/lib/jvm/java-21-openjdk-amd64"/>
    <property name="file.separator" value="/"/>
    <property name="basedir" value="/home/caracal/code/spring-microservices/product-service"/>
    <property name="java.vm.compressedOopsMode" value="Zero based"/>
    <property name="line.separator" value="&#10;"/>
    <property name="java.specification.name" value="Java Platform API Specification"/>
    <property name="java.vm.specification.vendor" value="Oracle Corporation"/>
    <property name="FILE_LOG_CHARSET" value="UTF-8"/>
    <property name="java.awt.headless" value="true"/>
    <property name="surefire.real.class.path" value="/home/caracal/code/spring-microservices/product-service/target/surefire/surefirebooter-20250921133505442_3.jar"/>
    <property name="sun.management.compiler" value="HotSpot 64-Bit Tiered Compilers"/>
    <property name="java.runtime.version" value="21.0.8+9-Ubuntu-0ubuntu124.04.1"/>
    <property name="user.name" value="caracal"/>
    <property name="stdout.encoding" value="UTF-8"/>
    <property name="path.separator" value=":"/>
    <property name="os.version" value="5.15.167.4-microsoft-standard-WSL2"/>
    <property name="java.runtime.name" value="OpenJDK Runtime Environment"/>
    <property name="file.encoding" value="UTF-8"/>
    <property name="java.vm.name" value="OpenJDK 64-Bit Server VM"/>
    <property name="localRepository" value="/home/caracal/.m2/repository"/>
    <property name="java.vendor.url.bug" value="https://bugs.launchpad.net/ubuntu/+source/openjdk-21"/>
    <property name="java.io.tmpdir" value="/tmp"/>
    <property name="catalina.home" value="/tmp/tomcat.0.642408279817526386"/>
    <property name="java.version" value="21.0.8"/>
    <property name="user.dir" value="/home/caracal/code/spring-microservices/product-service"/>
    <property name="os.arch" value="amd64"/>
    <property name="java.vm.specification.name" value="Java Virtual Machine Specification"/>
    <property name="PID" value="12859"/>
    <property name="CONSOLE_LOG_CHARSET" value="UTF-8"/>
    <property name="catalina.base" value="/tmp/tomcat.0.642408279817526386"/>
    <property name="native.encoding" value="UTF-8"/>
    <property name="java.library.path" value="/usr/java/packages/lib:/usr/lib/x86_64-linux-gnu/jni:/lib/x86_64-linux-gnu:/usr/lib/x86_64-linux-gnu:/usr/lib/jni:/lib:/usr/lib"/>
    <property name="stderr.encoding" value="UTF-8"/>
    <property name="java.vm.info" value="mixed mode, sharing"/>
    <property name="java.vendor" value="Ubuntu"/>
    <property name="java.vm.version" value="21.0.8+9-Ubuntu-0ubuntu124.04.1"/>
    <property name="sun.io.unicode.encoding" value="UnicodeLittle"/>
    <property name="java.class.version" value="65.0"/>
    <property name="LOGGED_APPLICATION_NAME" value="[product-service] "/>
  </properties>
  <testcase name="shouldCreateProduct" classname="com.caracal.microservices.product.ProductServiceApplicationTests" time="1.684">
    <system-out><![CDATA[13:35:06.025 [main] INFO org.springframework.test.context.support.AnnotationConfigContextLoaderUtils -- Could not detect default configuration classes for test class [com.caracal.microservices.product.ProductServiceApplicationTests]: ProductServiceApplicationTests does not declare any static, non-private, non-final, nested classes annotated with @Configuration.
13:35:06.087 [main] INFO org.testcontainers.images.PullPolicy -- Image pull policy will be performed by: DefaultPullPolicy()
13:35:06.089 [main] INFO org.testcontainers.utility.ImageNameSubstitutor -- Image name substitution will be performed by: DefaultImageNameSubstitutor (composite of 'ConfigurationFileImageNameSubstitutor' and 'PrefixingImageNameSubstitutor')
13:35:06.181 [main] INFO org.testcontainers.DockerClientFactory -- Testcontainers version: 1.20.6
13:35:06.335 [main] INFO org.testcontainers.dockerclient.DockerClientProviderStrategy -- Loaded org.testcontainers.dockerclient.UnixSocketClientProviderStrategy from ~/.testcontainers.properties, will try it first
13:35:06.582 [main] INFO org.testcontainers.dockerclient.DockerClientProviderStrategy -- Found Docker environment with local Unix socket (unix:///var/run/docker.sock)
13:35:06.583 [main] INFO org.testcontainers.DockerClientFactory -- Docker host IP address is localhost
13:35:06.606 [main] INFO org.testcontainers.DockerClientFactory -- Connected to docker: 
  Server Version: 28.1.1
  API Version: 1.49
  Operating System: Docker Desktop
  Total Memory: 15918 MB
  Labels: 
    com.docker.desktop.address=unix:///var/run/docker-cli.sock
13:35:06.719 [main] INFO tc.testcontainers/ryuk:0.11.0 -- Creating container for image: testcontainers/ryuk:0.11.0
13:35:06.857 [main] INFO org.testcontainers.utility.RegistryAuthLocator -- Credential helper/store (docker-credential-desktop.exe) does not have credentials for https://index.docker.io/v1/
13:35:07.059 [main] INFO tc.testcontainers/ryuk:0.11.0 -- Container testcontainers/ryuk:0.11.0 is starting: d24454840f74925c97c28cde3205fd861f5f89f0a934633916a4fb3ac81ec3fa
13:35:07.436 [main] INFO tc.testcontainers/ryuk:0.11.0 -- Container testcontainers/ryuk:0.11.0 started in PT0.717831071S
13:35:07.440 [main] INFO org.testcontainers.utility.RyukResourceReaper -- Ryuk started - will monitor and terminate Testcontainers containers on JVM exit
13:35:07.441 [main] INFO org.testcontainers.DockerClientFactory -- Checking the system...
13:35:07.441 [main] INFO org.testcontainers.DockerClientFactory -- ✔︎ Docker server version should be at least 1.6.0
13:35:07.442 [main] INFO tc.mongo:7.0.5 -- Creating container for image: mongo:7.0.5
13:35:05.975 [main] INFO tc.mongo:7.0.5 -- Container mongo:7.0.5 is starting: 4a46156de499a16ac4cc85b6358227f0eb9c4c6882f29f4009c75a00fcbdb4df
13:35:07.079 [main] INFO tc.mongo:7.0.5 -- Container mongo:7.0.5 started in PT-0.362264132S
13:35:08.580 [main] INFO org.springframework.boot.test.context.SpringBootTestContextBootstrapper -- Found @SpringBootConfiguration com.caracal.microservices.product.ProductServiceApplication for test class com.caracal.microservices.product.ProductServiceApplicationTests

  .   ____          _            __ _ _
 /\\ / ___'_ __ _ _(_)_ __  __ _ \ \ \ \
( ( )\___ | '_ | '_| | '_ \/ _` | \ \ \ \
 \\/  ___)| |_)| | | | | || (_| |  ) ) ) )
  '  |____| .__|_| |_|_| |_\__, | / / / /
 =========|_|==============|___/=/_/_/_/

 :: Spring Boot ::                (v3.4.5)

2025-09-21T13:35:08.811-07:00  INFO 12859 --- [product-service] [           main] c.c.m.p.ProductServiceApplicationTests   : Starting ProductServiceApplicationTests using Java 21.0.8 with PID 12859 (started by caracal in /home/caracal/code/spring-microservices/product-service)
2025-09-21T13:35:08.812-07:00  INFO 12859 --- [product-service] [           main] c.c.m.p.ProductServiceApplicationTests   : No active profile set, falling back to 1 default profile: "default"
2025-09-21T13:35:09.379-07:00  INFO 12859 --- [product-service] [           main] .s.d.r.c.RepositoryConfigurationDelegate : Bootstrapping Spring Data MongoDB repositories in DEFAULT mode.
2025-09-21T13:35:09.410-07:00  INFO 12859 --- [product-service] [           main] .s.d.r.c.RepositoryConfigurationDelegate : Finished Spring Data repository scanning in 27 ms. Found 1 MongoDB repository interface.
2025-09-21T13:35:09.709-07:00  INFO 12859 --- [product-service] [           main] o.s.b.w.embedded.tomcat.TomcatWebServer  : Tomcat initialized with port 0 (http)
2025-09-21T13:35:09.719-07:00  INFO 12859 --- [product-service] [           main] o.apache.catalina.core.StandardService   : Starting service [Tomcat]
2025-09-21T13:35:09.719-07:00  INFO 12859 --- [product-service] [           main] o.apache.catalina.core.StandardEngine    : Starting Servlet engine: [Apache Tomcat/10.1.40]
2025-09-21T13:35:09.750-07:00  INFO 12859 --- [product-service] [           main] o.a.c.c.C.[Tomcat].[localhost].[/]       : Initializing Spring embedded WebApplicationContext
2025-09-21T13:35:09.751-07:00  INFO 12859 --- [product-service] [           main] w.s.c.ServletWebServerApplicationContext : Root WebApplicationContext: initialization completed in 812 ms
2025-09-21T13:35:09.797-07:00  INFO 12859 --- [product-service] [           main] tc.mongo:latest                          : Pulling docker image: mongo:latest. Please be patient; this may take some time but only needs to be done once.
2025-09-21T13:35:10.998-07:00  INFO 12859 --- [product-service] [ream--336339709] tc.mongo:latest                          : Starting to pull image
2025-09-21T13:35:11.012-07:00  INFO 12859 --- [product-service] [ream--336339709] tc.mongo:latest                          : Pulling image layers:  0 pending,  0 downloaded,  0 extracted, (0 bytes/0 bytes)
2025-09-21T13:35:11.815-07:00  INFO 12859 --- [product-service] [ream--336339709] tc.mongo:latest                          : Pulling image layers:  7 pending,  1 downloaded,  0 extracted, (0 bytes/? MB)
2025-09-21T13:35:12.015-07:00  INFO 12859 --- [product-service] [ream--336339709] tc.mongo:latest                          : Pulling image layers:  6 pending,  2 downloaded,  0 extracted, (0 bytes/? MB)
2025-09-21T13:35:12.114-07:00  INFO 12859 --- [product-service] [ream--336339709] tc.mongo:latest                          : Pulling image layers:  5 pending,  3 downloaded,  0 extracted, (0 bytes/? MB)
2025-09-21T13:35:12.315-07:00  INFO 12859 --- [product-service] [ream--336339709] tc.mongo:latest                          : Pulling image layers:  4 pending,  4 downloaded,  0 extracted, (4 KB/? MB)
2025-09-21T13:35:14.415-07:00  INFO 12859 --- [product-service] [ream--336339709] tc.mongo:latest                          : Pulling image layers:  3 pending,  5 downloaded,  0 extracted, (4 KB/? MB)
2025-09-21T13:35:25.315-07:00  INFO 12859 --- [product-service] [ream--336339709] tc.mongo:latest                          : Pulling image layers:  2 pending,  6 downloaded,  0 extracted, (12 MB/? MB)
2025-09-21T13:36:05.446-07:00  INFO 12859 --- [product-service] [ream--336339709] tc.mongo:latest                          : Pulling image layers:  1 pending,  7 downloaded,  0 extracted, (59 MB/? MB)
2025-09-21T13:36:06.150-07:00  INFO 12859 --- [product-service] [ream--336339709] tc.mongo:latest                          : Pulling image layers:  1 pending,  7 downloaded,  1 extracted, (59 MB/? MB)
2025-09-21T13:36:06.246-07:00  INFO 12859 --- [product-service] [ream--336339709] tc.mongo:latest                          : Pulling image layers:  1 pending,  7 downloaded,  2 extracted, (59 MB/? MB)
2025-09-21T13:36:06.347-07:00  INFO 12859 --- [product-service] [ream--336339709] tc.mongo:latest                          : Pulling image layers:  1 pending,  7 downloaded,  3 extracted, (59 MB/? MB)
2025-09-21T13:36:06.349-07:00  INFO 12859 --- [product-service] [ream--336339709] tc.mongo:latest                          : Pulling image layers:  1 pending,  7 downloaded,  4 extracted, (59 MB/? MB)
2025-09-21T13:36:06.445-07:00  INFO 12859 --- [product-service] [ream--336339709] tc.mongo:latest                          : Pulling image layers:  1 pending,  7 downloaded,  5 extracted, (60 MB/? MB)
2025-09-21T13:36:06.446-07:00  INFO 12859 --- [product-service] [ream--336339709] tc.mongo:latest                          : Pulling image layers:  1 pending,  7 downloaded,  6 extracted, (60 MB/? MB)
2025-09-21T13:39:49.542-07:00  INFO 12859 --- [product-service] [ream--336339709] tc.mongo:latest                          : Pulling image layers:  0 pending,  8 downloaded,  6 extracted, (282 MB/283 MB)
2025-09-21T13:39:50.858-07:00  INFO 12859 --- [product-service] [ream--336339709] tc.mongo:latest                          : Pulling image layers:  0 pending,  8 downloaded,  7 extracted, (282 MB/283 MB)
2025-09-21T13:39:50.859-07:00  INFO 12859 --- [product-service] [ream--336339709] tc.mongo:latest                          : Pulling image layers:  0 pending,  8 downloaded,  8 extracted, (282 MB/283 MB)
2025-09-21T13:39:50.872-07:00  INFO 12859 --- [product-service] [ream--336339709] tc.mongo:latest                          : Pull complete. 8 layers, pulled in 279s (downloaded 282 MB at 1 MB/s)
2025-09-21T13:39:50.872-07:00  INFO 12859 --- [product-service] [           main] tc.mongo:latest                          : Image mongo:latest pull took PT4M41.075196317S
2025-09-21T13:39:50.929-07:00  INFO 12859 --- [product-service] [           main] tc.mongo:latest                          : Creating container for image: mongo:latest
2025-09-21T13:39:51.638-07:00  INFO 12859 --- [product-service] [           main] tc.mongo:latest                          : Container mongo:latest is starting: 3041b0958c9dd34f7a52ae67e5b6805fe31440fe92508d7f81828d8c780942c2
2025-09-21T13:39:52.728-07:00  INFO 12859 --- [product-service] [           main] tc.mongo:latest                          : Container mongo:latest started in PT1.799512295S
2025-09-21T13:39:53.857-07:00  INFO 12859 --- [product-service] [           main] org.mongodb.driver.client                : MongoClient with metadata {"driver": {"name": "mongo-java-driver|sync|spring-boot", "version": "5.2.1"}, "os": {"type": "Linux", "name": "Linux", "architecture": "amd64", "version": "5.15.167.4-microsoft-standard-WSL2"}, "platform": "Java/Ubuntu/21.0.8+9-Ubuntu-0ubuntu124.04.1"} created with settings MongoClientSettings{readPreference=primary, writeConcern=WriteConcern{w=null, wTimeout=null ms, journal=null}, retryWrites=true, retryReads=true, readConcern=ReadConcern{level=null}, credential=null, transportSettings=null, commandListeners=[], codecRegistry=ProvidersCodecRegistry{codecProviders=[ValueCodecProvider{}, BsonValueCodecProvider{}, DBRefCodecProvider{}, DBObjectCodecProvider{}, DocumentCodecProvider{}, CollectionCodecProvider{}, IterableCodecProvider{}, MapCodecProvider{}, GeoJsonCodecProvider{}, GridFSFileCodecProvider{}, Jsr310CodecProvider{}, JsonObjectCodecProvider{}, BsonCodecProvider{}, EnumCodecProvider{}, com.mongodb.client.model.mql.ExpressionCodecProvider@2cdcfaa6, com.mongodb.Jep395RecordCodecProvider@4ff0706c, com.mongodb.KotlinCodecProvider@6968bb65]}, loggerSettings=LoggerSettings{maxDocumentLength=1000}, clusterSettings={hosts=[localhost:63899], srvServiceName=mongodb, mode=SINGLE, requiredClusterType=UNKNOWN, requiredReplicaSetName='null', serverSelector='null', clusterListeners='[]', serverSelectionTimeout='30000 ms', localThreshold='15 ms'}, socketSettings=SocketSettings{connectTimeoutMS=10000, readTimeoutMS=0, receiveBufferSize=0, proxySettings=ProxySettings{host=null, port=null, username=null, password=null}}, heartbeatSocketSettings=SocketSettings{connectTimeoutMS=10000, readTimeoutMS=10000, receiveBufferSize=0, proxySettings=ProxySettings{host=null, port=null, username=null, password=null}}, connectionPoolSettings=ConnectionPoolSettings{maxSize=100, minSize=0, maxWaitTimeMS=120000, maxConnectionLifeTimeMS=0, maxConnectionIdleTimeMS=0, maintenanceInitialDelayMS=0, maintenanceFrequencyMS=60000, connectionPoolListeners=[], maxConnecting=2}, serverSettings=ServerSettings{heartbeatFrequencyMS=10000, minHeartbeatFrequencyMS=500, serverMonitoringMode=AUTO, serverListeners='[]', serverMonitorListeners='[]'}, sslSettings=SslSettings{enabled=false, invalidHostNameAllowed=false, context=null}, applicationName='null', compressorList=[], uuidRepresentation=JAVA_LEGACY, serverApi=null, autoEncryptionSettings=null, dnsClient=null, inetAddressResolver=null, contextProvider=null, timeoutMS=null}
2025-09-21T13:39:53.874-07:00  INFO 12859 --- [product-service] [localhost:63899] org.mongodb.driver.cluster               : Monitor thread successfully connected to server with description ServerDescription{address=localhost:63899, type=REPLICA_SET_PRIMARY, cryptd=false, state=CONNECTED, ok=true, minWireVersion=0, maxWireVersion=21, maxDocumentSize=16777216, logicalSessionTimeoutMinutes=30, roundTripTimeNanos=16692669, minRoundTripTimeNanos=0, setName='docker-rs', canonicalAddress=4a46156de499:27017, hosts=[4a46156de499:27017], passives=[], arbiters=[], primary='4a46156de499:27017', tagSet=TagSet{[]}, electionId=7fffffff0000000000000001, setVersion=1, topologyVersion=TopologyVersion{processId=68d0617a7bf0f095527bd7bc, counter=6}, lastWriteDate=Sun Sep 21 13:39:51 PDT 2025, lastUpdateTimeNanos=80400510904012}
2025-09-21T13:39:54.547-07:00  INFO 12859 --- [product-service] [           main] o.s.b.w.embedded.tomcat.TomcatWebServer  : Tomcat started on port 40663 (http) with context path '/'
2025-09-21T13:39:54.554-07:00  INFO 12859 --- [product-service] [           main] c.c.m.p.ProductServiceApplicationTests   : Started ProductServiceApplicationTests in 285.902 seconds (process running for 307.61)
2025-09-21T13:39:55.682-07:00  INFO 12859 --- [product-service] [o-auto-1-exec-1] o.a.c.c.C.[Tomcat].[localhost].[/]       : Initializing Spring DispatcherServlet 'dispatcherServlet'
2025-09-21T13:39:55.682-07:00  INFO 12859 --- [product-service] [o-auto-1-exec-1] o.s.web.servlet.DispatcherServlet        : Initializing Servlet 'dispatcherServlet'
2025-09-21T13:39:55.683-07:00  INFO 12859 --- [product-service] [o-auto-1-exec-1] o.s.web.servlet.DispatcherServlet        : Completed initialization in 0 ms
2025-09-21T13:39:55.823-07:00  INFO 12859 --- [product-service] [o-auto-1-exec-1] c.c.m.product.service.ProductService     : product created successfully
]]></system-out>
    <system-err><![CDATA[Mockito is currently self-attaching to enable the inline-mock-maker. This will no longer work in future releases of the JDK. Please add Mockito as an agent to your build what is described in Mockito's documentation: https://javadoc.io/doc/org.mockito/mockito-core/latest/org/mockito/Mockito.html#0.3
WARNING: A Java agent has been loaded dynamically (/home/caracal/.m2/repository/net/bytebuddy/byte-buddy-agent/1.15.11/byte-buddy-agent-1.15.11.jar)
WARNING: If a serviceability tool is in use, please run with -XX:+EnableDynamicAgentLoading to hide this warning
WARNING: If a serviceability tool is not in use, please run with -Djdk.instrument.traceUsage for more information
WARNING: Dynamic loading of agents will be disallowed by default in a future release
]]></system-err>
  </testcase>
</testsuite>